INFO  [2019-02-27 09:17:42,217] io.dropwizard.server.DefaultServerFactory: Registering jersey handler with root path prefix: /
INFO  [2019-02-27 09:17:42,233] io.dropwizard.server.DefaultServerFactory: Registering admin handler with root path prefix: /
INFO  [2019-02-27 09:17:42,248] io.dropwizard.assets.AssetsBundle: Registering AssetBundle with name: assets for path /assets/*
INFO  [2019-02-27 09:17:42,915] org.hibernate.Version: HHH000412: Hibernate Core {5.4.1.Final}
INFO  [2019-02-27 09:17:43,474] io.dropwizard.hibernate.SessionFactoryFactory: Entity classes: [com.example.helloworld.core.Person]
INFO  [2019-02-27 09:17:43,575] org.hibernate.annotations.common.Version: HCANN000001: Hibernate Commons Annotations {5.1.0.Final}
INFO  [2019-02-27 09:17:44,556] org.hibernate.dialect.Dialect: HHH000400: Using dialect: org.hibernate.dialect.H2Dialect
INFO  [2019-02-27 09:17:46,141] io.dropwizard.server.ServerFactory: Starting hello-world
                           web-scale hello world dP for the web
                                                 88
  .d8888b. dP.  .dP .d8888b. 88d8b.d8b. 88d888b. 88 .d8888b.
  88ooood8  `8bd8'  88'  `88 88'`88'`88 88'  `88 88 88ooood8
  88.  ...  .d88b.  88.  .88 88  88  88 88.  .88 88 88.  ...
  `88888P' dP'  `dP `88888P8 dP  dP  dP 88Y888P' dP `88888P'
                                        88
                                        dP
INFO  [2019-02-27 09:17:46,326] org.eclipse.jetty.setuid.SetUIDListener: Opened application@2bb2e6b5{HTTP/1.1,[http/1.1]}{0.0.0.0:33515}
INFO  [2019-02-27 09:17:46,326] org.eclipse.jetty.setuid.SetUIDListener: Opened admin@100c57cd{HTTP/1.1,[http/1.1]}{0.0.0.0:46393}
INFO  [2019-02-27 09:17:46,331] org.eclipse.jetty.server.Server: jetty-9.4.15.v20190215; built: 2019-02-15T16:53:49.381Z; git: eb70b240169fcf1abbd86af36482d1c49826fa0b; jvm 1.8.0_201-b09
INFO  [2019-02-27 09:17:48,030] io.dropwizard.jersey.DropwizardResourceConfig: The following paths were found for the configured resources:

    GET     /filteredhello (com.example.helloworld.resources.FilteredResource)
    GET     /hello-world (com.example.helloworld.resources.HelloWorldResource)
    POST    /hello-world (com.example.helloworld.resources.HelloWorldResource)
    GET     /hello-world/date (com.example.helloworld.resources.HelloWorldResource)
    GET     /people (com.example.helloworld.resources.PeopleResource)
    POST    /people (com.example.helloworld.resources.PeopleResource)
    GET     /people/{personId} (com.example.helloworld.resources.PersonResource)
    GET     /people/{personId}/view_freemarker (com.example.helloworld.resources.PersonResource)
    GET     /people/{personId}/view_mustache (com.example.helloworld.resources.PersonResource)
    GET     /protected (com.example.helloworld.resources.ProtectedResource)
    GET     /protectedadmin (com.example.helloworld.resources.ProtectedResource)
    GET     /views/iso88591.ftl (com.example.helloworld.resources.ViewResource)
    GET     /views/iso88591.mustache (com.example.helloworld.resources.ViewResource)
    GET     /views/utf8.ftl (com.example.helloworld.resources.ViewResource)
    GET     /views/utf8.mustache (com.example.helloworld.resources.ViewResource)

INFO  [2019-02-27 09:17:48,033] org.eclipse.jetty.server.handler.ContextHandler: Started i.d.j.MutableServletContextHandler@4aa20311{/,null,AVAILABLE}
INFO  [2019-02-27 09:17:48,040] io.dropwizard.setup.AdminEnvironment: tasks = 

    POST    /tasks/echo (com.example.helloworld.tasks.EchoTask)
    POST    /tasks/log-level (io.dropwizard.servlets.tasks.LogConfigurationTask)
    POST    /tasks/gc (io.dropwizard.servlets.tasks.GarbageCollectionTask)

INFO  [2019-02-27 09:17:48,055] org.eclipse.jetty.server.handler.ContextHandler: Started i.d.j.MutableServletContextHandler@2422617e{/,null,AVAILABLE}
INFO  [2019-02-27 09:17:48,072] org.eclipse.jetty.server.AbstractConnector: Started application@2bb2e6b5{HTTP/1.1,[http/1.1]}{0.0.0.0:33515}
INFO  [2019-02-27 09:17:48,079] org.eclipse.jetty.server.AbstractConnector: Started admin@100c57cd{HTTP/1.1,[http/1.1]}{0.0.0.0:46393}
INFO  [2019-02-27 09:17:48,079] org.eclipse.jetty.server.Server: Started @13223ms
INFO  [2019-02-27 09:17:50,016] liquibase.executor.jvm.JdbcExecutor: SELECT COUNT(*) FROM PUBLIC.DATABASECHANGELOGLOCK
INFO  [2019-02-27 09:17:50,062] liquibase.executor.jvm.JdbcExecutor: CREATE TABLE PUBLIC.DATABASECHANGELOGLOCK (ID INT NOT NULL, LOCKED BOOLEAN NOT NULL, LOCKGRANTED TIMESTAMP, LOCKEDBY VARCHAR(255), CONSTRAINT PK_DATABASECHANGELOGLOCK PRIMARY KEY (ID))
INFO  [2019-02-27 09:17:50,087] liquibase.executor.jvm.JdbcExecutor: SELECT COUNT(*) FROM PUBLIC.DATABASECHANGELOGLOCK
INFO  [2019-02-27 09:17:50,095] liquibase.executor.jvm.JdbcExecutor: DELETE FROM PUBLIC.DATABASECHANGELOGLOCK
INFO  [2019-02-27 09:17:50,099] liquibase.executor.jvm.JdbcExecutor: INSERT INTO PUBLIC.DATABASECHANGELOGLOCK (ID, LOCKED) VALUES (1, FALSE)
INFO  [2019-02-27 09:17:50,106] liquibase.executor.jvm.JdbcExecutor: SELECT LOCKED FROM PUBLIC.DATABASECHANGELOGLOCK WHERE ID=1
INFO  [2019-02-27 09:17:50,134] liquibase.lockservice.StandardLockService: Successfully acquired change log lock
INFO  [2019-02-27 09:17:52,373] liquibase.changelog.StandardChangeLogHistoryService: Creating database history table with name: PUBLIC.DATABASECHANGELOG
INFO  [2019-02-27 09:17:52,377] liquibase.executor.jvm.JdbcExecutor: CREATE TABLE PUBLIC.DATABASECHANGELOG (ID VARCHAR(255) NOT NULL, AUTHOR VARCHAR(255) NOT NULL, FILENAME VARCHAR(255) NOT NULL, DATEEXECUTED TIMESTAMP NOT NULL, ORDEREXECUTED INT NOT NULL, EXECTYPE VARCHAR(10) NOT NULL, MD5SUM VARCHAR(35), DESCRIPTION VARCHAR(255), COMMENTS VARCHAR(255), TAG VARCHAR(255), LIQUIBASE VARCHAR(20), CONTEXTS VARCHAR(255), LABELS VARCHAR(255), DEPLOYMENT_ID VARCHAR(10))
INFO  [2019-02-27 09:17:52,380] liquibase.executor.jvm.JdbcExecutor: SELECT COUNT(*) FROM PUBLIC.DATABASECHANGELOG
INFO  [2019-02-27 09:17:52,384] liquibase.changelog.StandardChangeLogHistoryService: Reading from PUBLIC.DATABASECHANGELOG
INFO  [2019-02-27 09:17:52,386] liquibase.executor.jvm.JdbcExecutor: SELECT * FROM PUBLIC.DATABASECHANGELOG ORDER BY DATEEXECUTED ASC, ORDEREXECUTED ASC
INFO  [2019-02-27 09:17:52,387] liquibase.executor.jvm.JdbcExecutor: SELECT COUNT(*) FROM PUBLIC.DATABASECHANGELOGLOCK
INFO  [2019-02-27 09:17:52,425] liquibase.executor.jvm.JdbcExecutor: CREATE TABLE PUBLIC.people (id BIGINT AUTO_INCREMENT NOT NULL, fullName VARCHAR(255) NOT NULL, jobTitle VARCHAR(255), CONSTRAINT PK_PEOPLE PRIMARY KEY (id))
INFO  [2019-02-27 09:17:52,462] liquibase.changelog.ChangeSet: Table people created
INFO  [2019-02-27 09:17:52,462] liquibase.changelog.ChangeSet: ChangeSet migrations.xml::1::codahale ran successfully in 39ms
INFO  [2019-02-27 09:17:52,465] liquibase.executor.jvm.JdbcExecutor: SELECT MAX(ORDEREXECUTED) FROM PUBLIC.DATABASECHANGELOG
INFO  [2019-02-27 09:17:52,473] liquibase.executor.jvm.JdbcExecutor: INSERT INTO PUBLIC.DATABASECHANGELOG (ID, AUTHOR, FILENAME, DATEEXECUTED, ORDEREXECUTED, MD5SUM, DESCRIPTION, COMMENTS, EXECTYPE, CONTEXTS, LABELS, LIQUIBASE, DEPLOYMENT_ID) VALUES ('1', 'codahale', 'migrations.xml', NOW(), 1, '8:a466b7f04155c06f80453d6d5a36b55c', 'createTable tableName=people', '', 'EXECUTED', NULL, NULL, '3.6.3', '1259072391')
INFO  [2019-02-27 09:17:52,479] liquibase.lockservice.StandardLockService: Successfully released change log lock
INFO  [2019-02-27 09:17:53,239] org.hibernate.engine.internal.StatisticalLoggingSessionEventListener: Session Metrics {
    76960 nanoseconds spent acquiring 1 JDBC connections;
    49908 nanoseconds spent releasing 1 JDBC connections;
    16377098 nanoseconds spent preparing 1 JDBC statements;
    3666868 nanoseconds spent executing 1 JDBC statements;
    0 nanoseconds spent executing 0 JDBC batches;
    0 nanoseconds spent performing 0 L2C puts;
    0 nanoseconds spent performing 0 L2C hits;
    0 nanoseconds spent performing 0 L2C misses;
    6716989 nanoseconds spent executing 1 flushes (flushing a total of 1 entities and 0 collections);
    0 nanoseconds spent executing 0 partial-flushes (flushing a total of 0 entities and 0 collections)
}
INFO  [2019-02-27 09:17:53,402] org.hibernate.engine.internal.StatisticalLoggingSessionEventListener: Session Metrics {
    68800 nanoseconds spent acquiring 1 JDBC connections;
    45959 nanoseconds spent releasing 1 JDBC connections;
    454033 nanoseconds spent preparing 1 JDBC statements;
    429020 nanoseconds spent executing 1 JDBC statements;
    0 nanoseconds spent executing 0 JDBC batches;
    0 nanoseconds spent performing 0 L2C puts;
    0 nanoseconds spent performing 0 L2C hits;
    0 nanoseconds spent performing 0 L2C misses;
    204660 nanoseconds spent executing 1 flushes (flushing a total of 1 entities and 0 collections);
    0 nanoseconds spent executing 0 partial-flushes (flushing a total of 0 entities and 0 collections)
}
INFO  [2019-02-27 09:17:53,566] org.hibernate.engine.internal.StatisticalLoggingSessionEventListener: Session Metrics {
    73571 nanoseconds spent acquiring 1 JDBC connections;
    44612 nanoseconds spent releasing 1 JDBC connections;
    111119 nanoseconds spent preparing 1 JDBC statements;
    1052052 nanoseconds spent executing 1 JDBC statements;
    0 nanoseconds spent executing 0 JDBC batches;
    0 nanoseconds spent performing 0 L2C puts;
    0 nanoseconds spent performing 0 L2C hits;
    0 nanoseconds spent performing 0 L2C misses;
    298268 nanoseconds spent executing 1 flushes (flushing a total of 1 entities and 0 collections);
    0 nanoseconds spent executing 0 partial-flushes (flushing a total of 0 entities and 0 collections)
}
INFO  [2019-02-27 09:17:53,593] org.hibernate.engine.internal.StatisticalLoggingSessionEventListener: Session Metrics {
    107853 nanoseconds spent acquiring 1 JDBC connections;
    59631 nanoseconds spent releasing 1 JDBC connections;
    187807 nanoseconds spent preparing 1 JDBC statements;
    554803 nanoseconds spent executing 1 JDBC statements;
    0 nanoseconds spent executing 0 JDBC batches;
    0 nanoseconds spent performing 0 L2C puts;
    0 nanoseconds spent performing 0 L2C hits;
    0 nanoseconds spent performing 0 L2C misses;
    271580 nanoseconds spent executing 1 flushes (flushing a total of 1 entities and 0 collections);
    0 nanoseconds spent executing 0 partial-flushes (flushing a total of 0 entities and 0 collections)
}
INFO  [2019-02-27 09:17:53,942] org.hibernate.engine.internal.StatisticalLoggingSessionEventListener: Session Metrics {
    67048 nanoseconds spent acquiring 1 JDBC connections;
    57560 nanoseconds spent releasing 1 JDBC connections;
    83531 nanoseconds spent preparing 1 JDBC statements;
    385148 nanoseconds spent executing 1 JDBC statements;
    0 nanoseconds spent executing 0 JDBC batches;
    0 nanoseconds spent performing 0 L2C puts;
    0 nanoseconds spent performing 0 L2C hits;
    0 nanoseconds spent performing 0 L2C misses;
    303185 nanoseconds spent executing 1 flushes (flushing a total of 1 entities and 0 collections);
    0 nanoseconds spent executing 0 partial-flushes (flushing a total of 0 entities and 0 collections)
}
INFO  [2019-02-27 09:17:53,983] org.eclipse.jetty.server.AbstractConnector: Stopped application@2bb2e6b5{HTTP/1.1,[http/1.1]}{0.0.0.0:0}
INFO  [2019-02-27 09:17:53,989] org.eclipse.jetty.server.AbstractConnector: Stopped admin@100c57cd{HTTP/1.1,[http/1.1]}{0.0.0.0:0}
INFO  [2019-02-27 09:17:53,994] org.eclipse.jetty.server.handler.ContextHandler: Stopped i.d.j.MutableServletContextHandler@2422617e{/,null,UNAVAILABLE}
INFO  [2019-02-27 09:17:54,020] org.eclipse.jetty.server.handler.ContextHandler: Stopped i.d.j.MutableServletContextHandler@4aa20311{/,null,UNAVAILABLE}
INFO  [2019-02-27 09:20:56,362] io.dropwizard.server.DefaultServerFactory: Registering jersey handler with root path prefix: /
INFO  [2019-02-27 09:20:56,371] io.dropwizard.server.DefaultServerFactory: Registering admin handler with root path prefix: /
INFO  [2019-02-27 09:20:56,374] io.dropwizard.assets.AssetsBundle: Registering AssetBundle with name: assets for path /assets/*
INFO  [2019-02-27 09:20:56,715] org.hibernate.Version: HHH000412: Hibernate Core {5.4.1.Final}
INFO  [2019-02-27 09:20:56,926] io.dropwizard.hibernate.SessionFactoryFactory: Entity classes: [com.example.helloworld.core.Person]
INFO  [2019-02-27 09:20:56,996] org.hibernate.annotations.common.Version: HCANN000001: Hibernate Commons Annotations {5.1.0.Final}
INFO  [2019-02-27 09:20:57,813] org.hibernate.dialect.Dialect: HHH000400: Using dialect: org.hibernate.dialect.H2Dialect
INFO  [2019-02-27 09:20:59,125] io.dropwizard.server.ServerFactory: Starting hello-world
                           web-scale hello world dP for the web
                                                 88
  .d8888b. dP.  .dP .d8888b. 88d8b.d8b. 88d888b. 88 .d8888b.
  88ooood8  `8bd8'  88'  `88 88'`88'`88 88'  `88 88 88ooood8
  88.  ...  .d88b.  88.  .88 88  88  88 88.  .88 88 88.  ...
  `88888P' dP'  `dP `88888P8 dP  dP  dP 88Y888P' dP `88888P'
                                        88
                                        dP
INFO  [2019-02-27 09:20:59,350] org.eclipse.jetty.setuid.SetUIDListener: Opened application@3c41bfff{HTTP/1.1,[http/1.1]}{0.0.0.0:39303}
INFO  [2019-02-27 09:20:59,350] org.eclipse.jetty.setuid.SetUIDListener: Opened admin@12de75f8{HTTP/1.1,[http/1.1]}{0.0.0.0:33105}
INFO  [2019-02-27 09:20:59,355] org.eclipse.jetty.server.Server: jetty-9.4.15.v20190215; built: 2019-02-15T16:53:49.381Z; git: eb70b240169fcf1abbd86af36482d1c49826fa0b; jvm 1.8.0_201-b09
INFO  [2019-02-27 09:21:00,414] io.dropwizard.jersey.DropwizardResourceConfig: The following paths were found for the configured resources:

    GET     /filteredhello (com.example.helloworld.resources.FilteredResource)
    GET     /hello-world (com.example.helloworld.resources.HelloWorldResource)
    POST    /hello-world (com.example.helloworld.resources.HelloWorldResource)
    GET     /hello-world/date (com.example.helloworld.resources.HelloWorldResource)
    GET     /people (com.example.helloworld.resources.PeopleResource)
    POST    /people (com.example.helloworld.resources.PeopleResource)
    GET     /people/{personId} (com.example.helloworld.resources.PersonResource)
    GET     /people/{personId}/view_freemarker (com.example.helloworld.resources.PersonResource)
    GET     /people/{personId}/view_mustache (com.example.helloworld.resources.PersonResource)
    GET     /protected (com.example.helloworld.resources.ProtectedResource)
    GET     /protectedadmin (com.example.helloworld.resources.ProtectedResource)
    GET     /views/iso88591.ftl (com.example.helloworld.resources.ViewResource)
    GET     /views/iso88591.mustache (com.example.helloworld.resources.ViewResource)
    GET     /views/utf8.ftl (com.example.helloworld.resources.ViewResource)
    GET     /views/utf8.mustache (com.example.helloworld.resources.ViewResource)

INFO  [2019-02-27 09:21:00,417] org.eclipse.jetty.server.handler.ContextHandler: Started i.d.j.MutableServletContextHandler@218fe939{/,null,AVAILABLE}
INFO  [2019-02-27 09:21:00,421] io.dropwizard.setup.AdminEnvironment: tasks = 

    POST    /tasks/echo (com.example.helloworld.tasks.EchoTask)
    POST    /tasks/log-level (io.dropwizard.servlets.tasks.LogConfigurationTask)
    POST    /tasks/gc (io.dropwizard.servlets.tasks.GarbageCollectionTask)

INFO  [2019-02-27 09:21:00,433] org.eclipse.jetty.server.handler.ContextHandler: Started i.d.j.MutableServletContextHandler@7aba2e3a{/,null,AVAILABLE}
INFO  [2019-02-27 09:21:00,454] org.eclipse.jetty.server.AbstractConnector: Started application@3c41bfff{HTTP/1.1,[http/1.1]}{0.0.0.0:39303}
INFO  [2019-02-27 09:21:00,461] org.eclipse.jetty.server.AbstractConnector: Started admin@12de75f8{HTTP/1.1,[http/1.1]}{0.0.0.0:33105}
INFO  [2019-02-27 09:21:00,463] org.eclipse.jetty.server.Server: Started @8654ms
INFO  [2019-02-27 09:21:01,768] liquibase.executor.jvm.JdbcExecutor: SELECT COUNT(*) FROM PUBLIC.DATABASECHANGELOGLOCK
INFO  [2019-02-27 09:21:01,786] liquibase.executor.jvm.JdbcExecutor: CREATE TABLE PUBLIC.DATABASECHANGELOGLOCK (ID INT NOT NULL, LOCKED BOOLEAN NOT NULL, LOCKGRANTED TIMESTAMP, LOCKEDBY VARCHAR(255), CONSTRAINT PK_DATABASECHANGELOGLOCK PRIMARY KEY (ID))
INFO  [2019-02-27 09:21:01,797] liquibase.executor.jvm.JdbcExecutor: SELECT COUNT(*) FROM PUBLIC.DATABASECHANGELOGLOCK
INFO  [2019-02-27 09:21:01,802] liquibase.executor.jvm.JdbcExecutor: DELETE FROM PUBLIC.DATABASECHANGELOGLOCK
INFO  [2019-02-27 09:21:01,805] liquibase.executor.jvm.JdbcExecutor: INSERT INTO PUBLIC.DATABASECHANGELOGLOCK (ID, LOCKED) VALUES (1, FALSE)
INFO  [2019-02-27 09:21:01,808] liquibase.executor.jvm.JdbcExecutor: SELECT LOCKED FROM PUBLIC.DATABASECHANGELOGLOCK WHERE ID=1
INFO  [2019-02-27 09:21:01,821] liquibase.lockservice.StandardLockService: Successfully acquired change log lock
INFO  [2019-02-27 09:21:03,105] liquibase.changelog.StandardChangeLogHistoryService: Creating database history table with name: PUBLIC.DATABASECHANGELOG
INFO  [2019-02-27 09:21:03,107] liquibase.executor.jvm.JdbcExecutor: CREATE TABLE PUBLIC.DATABASECHANGELOG (ID VARCHAR(255) NOT NULL, AUTHOR VARCHAR(255) NOT NULL, FILENAME VARCHAR(255) NOT NULL, DATEEXECUTED TIMESTAMP NOT NULL, ORDEREXECUTED INT NOT NULL, EXECTYPE VARCHAR(10) NOT NULL, MD5SUM VARCHAR(35), DESCRIPTION VARCHAR(255), COMMENTS VARCHAR(255), TAG VARCHAR(255), LIQUIBASE VARCHAR(20), CONTEXTS VARCHAR(255), LABELS VARCHAR(255), DEPLOYMENT_ID VARCHAR(10))
INFO  [2019-02-27 09:21:03,109] liquibase.executor.jvm.JdbcExecutor: SELECT COUNT(*) FROM PUBLIC.DATABASECHANGELOG
INFO  [2019-02-27 09:21:03,110] liquibase.changelog.StandardChangeLogHistoryService: Reading from PUBLIC.DATABASECHANGELOG
INFO  [2019-02-27 09:21:03,111] liquibase.executor.jvm.JdbcExecutor: SELECT * FROM PUBLIC.DATABASECHANGELOG ORDER BY DATEEXECUTED ASC, ORDEREXECUTED ASC
INFO  [2019-02-27 09:21:03,112] liquibase.executor.jvm.JdbcExecutor: SELECT COUNT(*) FROM PUBLIC.DATABASECHANGELOGLOCK
INFO  [2019-02-27 09:21:03,128] liquibase.executor.jvm.JdbcExecutor: CREATE TABLE PUBLIC.people (id BIGINT AUTO_INCREMENT NOT NULL, fullName VARCHAR(255) NOT NULL, jobTitle VARCHAR(255), CONSTRAINT PK_PEOPLE PRIMARY KEY (id))
INFO  [2019-02-27 09:21:03,138] liquibase.changelog.ChangeSet: Table people created
INFO  [2019-02-27 09:21:03,139] liquibase.changelog.ChangeSet: ChangeSet migrations.xml::1::codahale ran successfully in 13ms
INFO  [2019-02-27 09:21:03,141] liquibase.executor.jvm.JdbcExecutor: SELECT MAX(ORDEREXECUTED) FROM PUBLIC.DATABASECHANGELOG
INFO  [2019-02-27 09:21:03,154] liquibase.executor.jvm.JdbcExecutor: INSERT INTO PUBLIC.DATABASECHANGELOG (ID, AUTHOR, FILENAME, DATEEXECUTED, ORDEREXECUTED, MD5SUM, DESCRIPTION, COMMENTS, EXECTYPE, CONTEXTS, LABELS, LIQUIBASE, DEPLOYMENT_ID) VALUES ('1', 'codahale', 'migrations.xml', NOW(), 1, '8:a466b7f04155c06f80453d6d5a36b55c', 'createTable tableName=people', '', 'EXECUTED', NULL, NULL, '3.6.3', '1259263113')
INFO  [2019-02-27 09:21:03,158] liquibase.lockservice.StandardLockService: Successfully released change log lock
INFO  [2019-02-27 09:21:03,801] org.hibernate.engine.internal.StatisticalLoggingSessionEventListener: Session Metrics {
    66246 nanoseconds spent acquiring 1 JDBC connections;
    49587 nanoseconds spent releasing 1 JDBC connections;
    13399901 nanoseconds spent preparing 1 JDBC statements;
    2791294 nanoseconds spent executing 1 JDBC statements;
    0 nanoseconds spent executing 0 JDBC batches;
    0 nanoseconds spent performing 0 L2C puts;
    0 nanoseconds spent performing 0 L2C hits;
    0 nanoseconds spent performing 0 L2C misses;
    4634775 nanoseconds spent executing 1 flushes (flushing a total of 1 entities and 0 collections);
    0 nanoseconds spent executing 0 partial-flushes (flushing a total of 0 entities and 0 collections)
}
INFO  [2019-02-27 09:21:03,900] org.hibernate.engine.internal.StatisticalLoggingSessionEventListener: Session Metrics {
    64135 nanoseconds spent acquiring 1 JDBC connections;
    86156 nanoseconds spent releasing 1 JDBC connections;
    439935 nanoseconds spent preparing 1 JDBC statements;
    336773 nanoseconds spent executing 1 JDBC statements;
    0 nanoseconds spent executing 0 JDBC batches;
    0 nanoseconds spent performing 0 L2C puts;
    0 nanoseconds spent performing 0 L2C hits;
    0 nanoseconds spent performing 0 L2C misses;
    361063 nanoseconds spent executing 1 flushes (flushing a total of 1 entities and 0 collections);
    0 nanoseconds spent executing 0 partial-flushes (flushing a total of 0 entities and 0 collections)
}
INFO  [2019-02-27 09:21:04,021] org.hibernate.engine.internal.StatisticalLoggingSessionEventListener: Session Metrics {
    51238 nanoseconds spent acquiring 1 JDBC connections;
    45794 nanoseconds spent releasing 1 JDBC connections;
    72704 nanoseconds spent preparing 1 JDBC statements;
    486458 nanoseconds spent executing 1 JDBC statements;
    0 nanoseconds spent executing 0 JDBC batches;
    0 nanoseconds spent performing 0 L2C puts;
    0 nanoseconds spent performing 0 L2C hits;
    0 nanoseconds spent performing 0 L2C misses;
    279328 nanoseconds spent executing 1 flushes (flushing a total of 1 entities and 0 collections);
    0 nanoseconds spent executing 0 partial-flushes (flushing a total of 0 entities and 0 collections)
}
INFO  [2019-02-27 09:21:04,033] org.hibernate.engine.internal.StatisticalLoggingSessionEventListener: Session Metrics {
    80777 nanoseconds spent acquiring 1 JDBC connections;
    53115 nanoseconds spent releasing 1 JDBC connections;
    86388 nanoseconds spent preparing 1 JDBC statements;
    334142 nanoseconds spent executing 1 JDBC statements;
    0 nanoseconds spent executing 0 JDBC batches;
    0 nanoseconds spent performing 0 L2C puts;
    0 nanoseconds spent performing 0 L2C hits;
    0 nanoseconds spent performing 0 L2C misses;
    215351 nanoseconds spent executing 1 flushes (flushing a total of 1 entities and 0 collections);
    0 nanoseconds spent executing 0 partial-flushes (flushing a total of 0 entities and 0 collections)
}
INFO  [2019-02-27 09:21:04,300] org.hibernate.engine.internal.StatisticalLoggingSessionEventListener: Session Metrics {
    64266 nanoseconds spent acquiring 1 JDBC connections;
    49866 nanoseconds spent releasing 1 JDBC connections;
    93773 nanoseconds spent preparing 1 JDBC statements;
    248903 nanoseconds spent executing 1 JDBC statements;
    0 nanoseconds spent executing 0 JDBC batches;
    0 nanoseconds spent performing 0 L2C puts;
    0 nanoseconds spent performing 0 L2C hits;
    0 nanoseconds spent performing 0 L2C misses;
    456427 nanoseconds spent executing 1 flushes (flushing a total of 1 entities and 0 collections);
    0 nanoseconds spent executing 0 partial-flushes (flushing a total of 0 entities and 0 collections)
}
INFO  [2019-02-27 09:21:04,345] org.eclipse.jetty.server.AbstractConnector: Stopped application@3c41bfff{HTTP/1.1,[http/1.1]}{0.0.0.0:0}
INFO  [2019-02-27 09:21:04,347] org.eclipse.jetty.server.AbstractConnector: Stopped admin@12de75f8{HTTP/1.1,[http/1.1]}{0.0.0.0:0}
INFO  [2019-02-27 09:21:04,349] org.eclipse.jetty.server.handler.ContextHandler: Stopped i.d.j.MutableServletContextHandler@7aba2e3a{/,null,UNAVAILABLE}
INFO  [2019-02-27 09:21:04,361] org.eclipse.jetty.server.handler.ContextHandler: Stopped i.d.j.MutableServletContextHandler@218fe939{/,null,UNAVAILABLE}
INFO  [2019-02-27 09:35:49,059] io.dropwizard.server.DefaultServerFactory: Registering jersey handler with root path prefix: /
INFO  [2019-02-27 09:35:49,069] io.dropwizard.server.DefaultServerFactory: Registering admin handler with root path prefix: /
INFO  [2019-02-27 09:35:49,072] io.dropwizard.assets.AssetsBundle: Registering AssetBundle with name: assets for path /assets/*
INFO  [2019-02-27 09:35:49,450] org.hibernate.Version: HHH000412: Hibernate Core {5.4.1.Final}
INFO  [2019-02-27 09:35:49,711] io.dropwizard.hibernate.SessionFactoryFactory: Entity classes: [com.example.helloworld.core.Person]
INFO  [2019-02-27 09:35:49,772] org.hibernate.annotations.common.Version: HCANN000001: Hibernate Commons Annotations {5.1.0.Final}
INFO  [2019-02-27 09:35:50,533] org.hibernate.dialect.Dialect: HHH000400: Using dialect: org.hibernate.dialect.H2Dialect
INFO  [2019-02-27 09:35:51,976] io.dropwizard.server.ServerFactory: Starting hello-world
                           web-scale hello world dP for the web
                                                 88
  .d8888b. dP.  .dP .d8888b. 88d8b.d8b. 88d888b. 88 .d8888b.
  88ooood8  `8bd8'  88'  `88 88'`88'`88 88'  `88 88 88ooood8
  88.  ...  .d88b.  88.  .88 88  88  88 88.  .88 88 88.  ...
  `88888P' dP'  `dP `88888P8 dP  dP  dP 88Y888P' dP `88888P'
                                        88
                                        dP
INFO  [2019-02-27 09:35:52,156] org.eclipse.jetty.setuid.SetUIDListener: Opened application@12de75f8{HTTP/1.1,[http/1.1]}{0.0.0.0:41667}
INFO  [2019-02-27 09:35:52,156] org.eclipse.jetty.setuid.SetUIDListener: Opened admin@2e65ae58{HTTP/1.1,[http/1.1]}{0.0.0.0:46449}
INFO  [2019-02-27 09:35:52,159] org.eclipse.jetty.server.Server: jetty-9.4.15.v20190215; built: 2019-02-15T16:53:49.381Z; git: eb70b240169fcf1abbd86af36482d1c49826fa0b; jvm 1.8.0_201-b09
INFO  [2019-02-27 09:35:53,055] io.dropwizard.jersey.DropwizardResourceConfig: The following paths were found for the configured resources:

    GET     /filteredhello (com.example.helloworld.resources.FilteredResource)
    GET     /hello-world (com.example.helloworld.resources.HelloWorldResource)
    POST    /hello-world (com.example.helloworld.resources.HelloWorldResource)
    GET     /hello-world/date (com.example.helloworld.resources.HelloWorldResource)
    GET     /people (com.example.helloworld.resources.PeopleResource)
    POST    /people (com.example.helloworld.resources.PeopleResource)
    GET     /people/{personId} (com.example.helloworld.resources.PersonResource)
    GET     /people/{personId}/view_freemarker (com.example.helloworld.resources.PersonResource)
    GET     /people/{personId}/view_mustache (com.example.helloworld.resources.PersonResource)
    GET     /protected (com.example.helloworld.resources.ProtectedResource)
    GET     /protectedadmin (com.example.helloworld.resources.ProtectedResource)
    GET     /views/iso88591.ftl (com.example.helloworld.resources.ViewResource)
    GET     /views/iso88591.mustache (com.example.helloworld.resources.ViewResource)
    GET     /views/utf8.ftl (com.example.helloworld.resources.ViewResource)
    GET     /views/utf8.mustache (com.example.helloworld.resources.ViewResource)

INFO  [2019-02-27 09:35:53,058] org.eclipse.jetty.server.handler.ContextHandler: Started i.d.j.MutableServletContextHandler@6a2e4eaf{/,null,AVAILABLE}
INFO  [2019-02-27 09:35:53,063] io.dropwizard.setup.AdminEnvironment: tasks = 

    POST    /tasks/echo (com.example.helloworld.tasks.EchoTask)
    POST    /tasks/log-level (io.dropwizard.servlets.tasks.LogConfigurationTask)
    POST    /tasks/gc (io.dropwizard.servlets.tasks.GarbageCollectionTask)

INFO  [2019-02-27 09:35:53,076] org.eclipse.jetty.server.handler.ContextHandler: Started i.d.j.MutableServletContextHandler@2d695ec4{/,null,AVAILABLE}
INFO  [2019-02-27 09:35:53,091] org.eclipse.jetty.server.AbstractConnector: Started application@12de75f8{HTTP/1.1,[http/1.1]}{0.0.0.0:41667}
INFO  [2019-02-27 09:35:53,093] org.eclipse.jetty.server.AbstractConnector: Started admin@2e65ae58{HTTP/1.1,[http/1.1]}{0.0.0.0:46449}
INFO  [2019-02-27 09:35:53,093] org.eclipse.jetty.server.Server: Started @8068ms
INFO  [2019-02-27 09:35:54,387] liquibase.executor.jvm.JdbcExecutor: SELECT COUNT(*) FROM PUBLIC.DATABASECHANGELOGLOCK
INFO  [2019-02-27 09:35:54,401] liquibase.executor.jvm.JdbcExecutor: CREATE TABLE PUBLIC.DATABASECHANGELOGLOCK (ID INT NOT NULL, LOCKED BOOLEAN NOT NULL, LOCKGRANTED TIMESTAMP, LOCKEDBY VARCHAR(255), CONSTRAINT PK_DATABASECHANGELOGLOCK PRIMARY KEY (ID))
INFO  [2019-02-27 09:35:54,412] liquibase.executor.jvm.JdbcExecutor: SELECT COUNT(*) FROM PUBLIC.DATABASECHANGELOGLOCK
INFO  [2019-02-27 09:35:54,416] liquibase.executor.jvm.JdbcExecutor: DELETE FROM PUBLIC.DATABASECHANGELOGLOCK
INFO  [2019-02-27 09:35:54,418] liquibase.executor.jvm.JdbcExecutor: INSERT INTO PUBLIC.DATABASECHANGELOGLOCK (ID, LOCKED) VALUES (1, FALSE)
INFO  [2019-02-27 09:35:54,423] liquibase.executor.jvm.JdbcExecutor: SELECT LOCKED FROM PUBLIC.DATABASECHANGELOGLOCK WHERE ID=1
INFO  [2019-02-27 09:35:54,435] liquibase.lockservice.StandardLockService: Successfully acquired change log lock
INFO  [2019-02-27 09:35:55,822] liquibase.changelog.StandardChangeLogHistoryService: Creating database history table with name: PUBLIC.DATABASECHANGELOG
INFO  [2019-02-27 09:35:55,824] liquibase.executor.jvm.JdbcExecutor: CREATE TABLE PUBLIC.DATABASECHANGELOG (ID VARCHAR(255) NOT NULL, AUTHOR VARCHAR(255) NOT NULL, FILENAME VARCHAR(255) NOT NULL, DATEEXECUTED TIMESTAMP NOT NULL, ORDEREXECUTED INT NOT NULL, EXECTYPE VARCHAR(10) NOT NULL, MD5SUM VARCHAR(35), DESCRIPTION VARCHAR(255), COMMENTS VARCHAR(255), TAG VARCHAR(255), LIQUIBASE VARCHAR(20), CONTEXTS VARCHAR(255), LABELS VARCHAR(255), DEPLOYMENT_ID VARCHAR(10))
INFO  [2019-02-27 09:35:55,826] liquibase.executor.jvm.JdbcExecutor: SELECT COUNT(*) FROM PUBLIC.DATABASECHANGELOG
INFO  [2019-02-27 09:35:55,827] liquibase.changelog.StandardChangeLogHistoryService: Reading from PUBLIC.DATABASECHANGELOG
INFO  [2019-02-27 09:35:55,828] liquibase.executor.jvm.JdbcExecutor: SELECT * FROM PUBLIC.DATABASECHANGELOG ORDER BY DATEEXECUTED ASC, ORDEREXECUTED ASC
INFO  [2019-02-27 09:35:55,829] liquibase.executor.jvm.JdbcExecutor: SELECT COUNT(*) FROM PUBLIC.DATABASECHANGELOGLOCK
INFO  [2019-02-27 09:35:55,844] liquibase.executor.jvm.JdbcExecutor: CREATE TABLE PUBLIC.people (id BIGINT AUTO_INCREMENT NOT NULL, fullName VARCHAR(255) NOT NULL, jobTitle VARCHAR(255), CONSTRAINT PK_PEOPLE PRIMARY KEY (id))
INFO  [2019-02-27 09:35:55,855] liquibase.changelog.ChangeSet: Table people created
INFO  [2019-02-27 09:35:55,856] liquibase.changelog.ChangeSet: ChangeSet migrations.xml::1::codahale ran successfully in 13ms
INFO  [2019-02-27 09:35:55,857] liquibase.executor.jvm.JdbcExecutor: SELECT MAX(ORDEREXECUTED) FROM PUBLIC.DATABASECHANGELOG
INFO  [2019-02-27 09:35:55,868] liquibase.executor.jvm.JdbcExecutor: INSERT INTO PUBLIC.DATABASECHANGELOG (ID, AUTHOR, FILENAME, DATEEXECUTED, ORDEREXECUTED, MD5SUM, DESCRIPTION, COMMENTS, EXECTYPE, CONTEXTS, LABELS, LIQUIBASE, DEPLOYMENT_ID) VALUES ('1', 'codahale', 'migrations.xml', NOW(), 1, '8:a466b7f04155c06f80453d6d5a36b55c', 'createTable tableName=people', '', 'EXECUTED', NULL, NULL, '3.6.3', '1260155830')
INFO  [2019-02-27 09:35:55,872] liquibase.lockservice.StandardLockService: Successfully released change log lock
INFO  [2019-02-27 09:35:56,530] org.hibernate.engine.internal.StatisticalLoggingSessionEventListener: Session Metrics {
    74112 nanoseconds spent acquiring 1 JDBC connections;
    51107 nanoseconds spent releasing 1 JDBC connections;
    11123276 nanoseconds spent preparing 1 JDBC statements;
    2648514 nanoseconds spent executing 1 JDBC statements;
    0 nanoseconds spent executing 0 JDBC batches;
    0 nanoseconds spent performing 0 L2C puts;
    0 nanoseconds spent performing 0 L2C hits;
    0 nanoseconds spent performing 0 L2C misses;
    6968551 nanoseconds spent executing 1 flushes (flushing a total of 1 entities and 0 collections);
    0 nanoseconds spent executing 0 partial-flushes (flushing a total of 0 entities and 0 collections)
}
INFO  [2019-02-27 09:35:56,625] org.hibernate.engine.internal.StatisticalLoggingSessionEventListener: Session Metrics {
    74414 nanoseconds spent acquiring 1 JDBC connections;
    40697 nanoseconds spent releasing 1 JDBC connections;
    471132 nanoseconds spent preparing 1 JDBC statements;
    416822 nanoseconds spent executing 1 JDBC statements;
    0 nanoseconds spent executing 0 JDBC batches;
    0 nanoseconds spent performing 0 L2C puts;
    0 nanoseconds spent performing 0 L2C hits;
    0 nanoseconds spent performing 0 L2C misses;
    201545 nanoseconds spent executing 1 flushes (flushing a total of 1 entities and 0 collections);
    0 nanoseconds spent executing 0 partial-flushes (flushing a total of 0 entities and 0 collections)
}
INFO  [2019-02-27 09:35:56,735] org.hibernate.engine.internal.StatisticalLoggingSessionEventListener: Session Metrics {
    52959 nanoseconds spent acquiring 1 JDBC connections;
    45466 nanoseconds spent releasing 1 JDBC connections;
    77777 nanoseconds spent preparing 1 JDBC statements;
    602827 nanoseconds spent executing 1 JDBC statements;
    0 nanoseconds spent executing 0 JDBC batches;
    0 nanoseconds spent performing 0 L2C puts;
    0 nanoseconds spent performing 0 L2C hits;
    0 nanoseconds spent performing 0 L2C misses;
    261436 nanoseconds spent executing 1 flushes (flushing a total of 1 entities and 0 collections);
    0 nanoseconds spent executing 0 partial-flushes (flushing a total of 0 entities and 0 collections)
}
INFO  [2019-02-27 09:35:56,751] org.hibernate.engine.internal.StatisticalLoggingSessionEventListener: Session Metrics {
    75888 nanoseconds spent acquiring 1 JDBC connections;
    48511 nanoseconds spent releasing 1 JDBC connections;
    104665 nanoseconds spent preparing 1 JDBC statements;
    354912 nanoseconds spent executing 1 JDBC statements;
    0 nanoseconds spent executing 0 JDBC batches;
    0 nanoseconds spent performing 0 L2C puts;
    0 nanoseconds spent performing 0 L2C hits;
    0 nanoseconds spent performing 0 L2C misses;
    250833 nanoseconds spent executing 1 flushes (flushing a total of 1 entities and 0 collections);
    0 nanoseconds spent executing 0 partial-flushes (flushing a total of 0 entities and 0 collections)
}
INFO  [2019-02-27 09:35:56,993] org.hibernate.engine.internal.StatisticalLoggingSessionEventListener: Session Metrics {
    64098 nanoseconds spent acquiring 1 JDBC connections;
    47210 nanoseconds spent releasing 1 JDBC connections;
    72508 nanoseconds spent preparing 1 JDBC statements;
    304301 nanoseconds spent executing 1 JDBC statements;
    0 nanoseconds spent executing 0 JDBC batches;
    0 nanoseconds spent performing 0 L2C puts;
    0 nanoseconds spent performing 0 L2C hits;
    0 nanoseconds spent performing 0 L2C misses;
    236397 nanoseconds spent executing 1 flushes (flushing a total of 1 entities and 0 collections);
    0 nanoseconds spent executing 0 partial-flushes (flushing a total of 0 entities and 0 collections)
}
INFO  [2019-02-27 09:35:57,058] org.eclipse.jetty.server.AbstractConnector: Stopped application@12de75f8{HTTP/1.1,[http/1.1]}{0.0.0.0:0}
INFO  [2019-02-27 09:35:57,059] org.eclipse.jetty.server.AbstractConnector: Stopped admin@2e65ae58{HTTP/1.1,[http/1.1]}{0.0.0.0:0}
INFO  [2019-02-27 09:35:57,073] org.eclipse.jetty.server.handler.ContextHandler: Stopped i.d.j.MutableServletContextHandler@2d695ec4{/,null,UNAVAILABLE}
INFO  [2019-02-27 09:35:57,098] org.eclipse.jetty.server.handler.ContextHandler: Stopped i.d.j.MutableServletContextHandler@6a2e4eaf{/,null,UNAVAILABLE}
INFO  [2019-02-27 09:48:27,529] io.dropwizard.server.DefaultServerFactory: Registering jersey handler with root path prefix: /
INFO  [2019-02-27 09:48:27,543] io.dropwizard.server.DefaultServerFactory: Registering admin handler with root path prefix: /
INFO  [2019-02-27 09:48:27,546] io.dropwizard.assets.AssetsBundle: Registering AssetBundle with name: assets for path /assets/*
INFO  [2019-02-27 09:48:27,990] org.hibernate.Version: HHH000412: Hibernate Core {5.4.1.Final}
INFO  [2019-02-27 09:48:28,359] io.dropwizard.hibernate.SessionFactoryFactory: Entity classes: [com.example.helloworld.core.Person]
INFO  [2019-02-27 09:48:28,407] org.hibernate.annotations.common.Version: HCANN000001: Hibernate Commons Annotations {5.1.0.Final}
INFO  [2019-02-27 09:48:29,226] org.hibernate.dialect.Dialect: HHH000400: Using dialect: org.hibernate.dialect.H2Dialect
INFO  [2019-02-27 09:48:31,274] io.dropwizard.server.ServerFactory: Starting hello-world
                           web-scale hello world dP for the web
                                                 88
  .d8888b. dP.  .dP .d8888b. 88d8b.d8b. 88d888b. 88 .d8888b.
  88ooood8  `8bd8'  88'  `88 88'`88'`88 88'  `88 88 88ooood8
  88.  ...  .d88b.  88.  .88 88  88  88 88.  .88 88 88.  ...
  `88888P' dP'  `dP `88888P8 dP  dP  dP 88Y888P' dP `88888P'
                                        88
                                        dP
INFO  [2019-02-27 09:48:31,472] org.eclipse.jetty.setuid.SetUIDListener: Opened application@3c41bfff{HTTP/1.1,[http/1.1]}{0.0.0.0:33519}
INFO  [2019-02-27 09:48:31,472] org.eclipse.jetty.setuid.SetUIDListener: Opened admin@12de75f8{HTTP/1.1,[http/1.1]}{0.0.0.0:41255}
INFO  [2019-02-27 09:48:31,477] org.eclipse.jetty.server.Server: jetty-9.4.15.v20190215; built: 2019-02-15T16:53:49.381Z; git: eb70b240169fcf1abbd86af36482d1c49826fa0b; jvm 1.8.0_201-b09
INFO  [2019-02-27 09:48:32,447] io.dropwizard.jersey.DropwizardResourceConfig: The following paths were found for the configured resources:

    GET     /filteredhello (com.example.helloworld.resources.FilteredResource)
    GET     /hello-world (com.example.helloworld.resources.HelloWorldResource)
    POST    /hello-world (com.example.helloworld.resources.HelloWorldResource)
    GET     /hello-world/date (com.example.helloworld.resources.HelloWorldResource)
    GET     /people (com.example.helloworld.resources.PeopleResource)
    POST    /people (com.example.helloworld.resources.PeopleResource)
    GET     /people/{personId} (com.example.helloworld.resources.PersonResource)
    GET     /people/{personId}/view_freemarker (com.example.helloworld.resources.PersonResource)
    GET     /people/{personId}/view_mustache (com.example.helloworld.resources.PersonResource)
    GET     /protected (com.example.helloworld.resources.ProtectedResource)
    GET     /protectedadmin (com.example.helloworld.resources.ProtectedResource)
    GET     /views/iso88591.ftl (com.example.helloworld.resources.ViewResource)
    GET     /views/iso88591.mustache (com.example.helloworld.resources.ViewResource)
    GET     /views/utf8.ftl (com.example.helloworld.resources.ViewResource)
    GET     /views/utf8.mustache (com.example.helloworld.resources.ViewResource)

INFO  [2019-02-27 09:48:32,450] org.eclipse.jetty.server.handler.ContextHandler: Started i.d.j.MutableServletContextHandler@218fe939{/,null,AVAILABLE}
INFO  [2019-02-27 09:48:32,454] io.dropwizard.setup.AdminEnvironment: tasks = 

    POST    /tasks/echo (com.example.helloworld.tasks.EchoTask)
    POST    /tasks/log-level (io.dropwizard.servlets.tasks.LogConfigurationTask)
    POST    /tasks/gc (io.dropwizard.servlets.tasks.GarbageCollectionTask)

INFO  [2019-02-27 09:48:32,464] org.eclipse.jetty.server.handler.ContextHandler: Started i.d.j.MutableServletContextHandler@7aba2e3a{/,null,AVAILABLE}
INFO  [2019-02-27 09:48:32,475] org.eclipse.jetty.server.AbstractConnector: Started application@3c41bfff{HTTP/1.1,[http/1.1]}{0.0.0.0:33519}
INFO  [2019-02-27 09:48:32,476] org.eclipse.jetty.server.AbstractConnector: Started admin@12de75f8{HTTP/1.1,[http/1.1]}{0.0.0.0:41255}
INFO  [2019-02-27 09:48:32,476] org.eclipse.jetty.server.Server: Started @10554ms
INFO  [2019-02-27 09:48:33,917] liquibase.executor.jvm.JdbcExecutor: SELECT COUNT(*) FROM PUBLIC.DATABASECHANGELOGLOCK
INFO  [2019-02-27 09:48:33,932] liquibase.executor.jvm.JdbcExecutor: CREATE TABLE PUBLIC.DATABASECHANGELOGLOCK (ID INT NOT NULL, LOCKED BOOLEAN NOT NULL, LOCKGRANTED TIMESTAMP, LOCKEDBY VARCHAR(255), CONSTRAINT PK_DATABASECHANGELOGLOCK PRIMARY KEY (ID))
INFO  [2019-02-27 09:48:33,944] liquibase.executor.jvm.JdbcExecutor: SELECT COUNT(*) FROM PUBLIC.DATABASECHANGELOGLOCK
INFO  [2019-02-27 09:48:33,949] liquibase.executor.jvm.JdbcExecutor: DELETE FROM PUBLIC.DATABASECHANGELOGLOCK
INFO  [2019-02-27 09:48:33,952] liquibase.executor.jvm.JdbcExecutor: INSERT INTO PUBLIC.DATABASECHANGELOGLOCK (ID, LOCKED) VALUES (1, FALSE)
INFO  [2019-02-27 09:48:33,956] liquibase.executor.jvm.JdbcExecutor: SELECT LOCKED FROM PUBLIC.DATABASECHANGELOGLOCK WHERE ID=1
INFO  [2019-02-27 09:48:33,972] liquibase.lockservice.StandardLockService: Successfully acquired change log lock
INFO  [2019-02-27 09:48:35,613] liquibase.changelog.StandardChangeLogHistoryService: Creating database history table with name: PUBLIC.DATABASECHANGELOG
INFO  [2019-02-27 09:48:35,615] liquibase.executor.jvm.JdbcExecutor: CREATE TABLE PUBLIC.DATABASECHANGELOG (ID VARCHAR(255) NOT NULL, AUTHOR VARCHAR(255) NOT NULL, FILENAME VARCHAR(255) NOT NULL, DATEEXECUTED TIMESTAMP NOT NULL, ORDEREXECUTED INT NOT NULL, EXECTYPE VARCHAR(10) NOT NULL, MD5SUM VARCHAR(35), DESCRIPTION VARCHAR(255), COMMENTS VARCHAR(255), TAG VARCHAR(255), LIQUIBASE VARCHAR(20), CONTEXTS VARCHAR(255), LABELS VARCHAR(255), DEPLOYMENT_ID VARCHAR(10))
INFO  [2019-02-27 09:48:35,619] liquibase.executor.jvm.JdbcExecutor: SELECT COUNT(*) FROM PUBLIC.DATABASECHANGELOG
INFO  [2019-02-27 09:48:35,621] liquibase.changelog.StandardChangeLogHistoryService: Reading from PUBLIC.DATABASECHANGELOG
INFO  [2019-02-27 09:48:35,622] liquibase.executor.jvm.JdbcExecutor: SELECT * FROM PUBLIC.DATABASECHANGELOG ORDER BY DATEEXECUTED ASC, ORDEREXECUTED ASC
INFO  [2019-02-27 09:48:35,624] liquibase.executor.jvm.JdbcExecutor: SELECT COUNT(*) FROM PUBLIC.DATABASECHANGELOGLOCK
INFO  [2019-02-27 09:48:35,641] liquibase.executor.jvm.JdbcExecutor: CREATE TABLE PUBLIC.people (id BIGINT AUTO_INCREMENT NOT NULL, fullName VARCHAR(255) NOT NULL, jobTitle VARCHAR(255), CONSTRAINT PK_PEOPLE PRIMARY KEY (id))
INFO  [2019-02-27 09:48:35,652] liquibase.changelog.ChangeSet: Table people created
INFO  [2019-02-27 09:48:35,653] liquibase.changelog.ChangeSet: ChangeSet migrations.xml::1::codahale ran successfully in 13ms
INFO  [2019-02-27 09:48:35,655] liquibase.executor.jvm.JdbcExecutor: SELECT MAX(ORDEREXECUTED) FROM PUBLIC.DATABASECHANGELOG
INFO  [2019-02-27 09:48:35,666] liquibase.executor.jvm.JdbcExecutor: INSERT INTO PUBLIC.DATABASECHANGELOG (ID, AUTHOR, FILENAME, DATEEXECUTED, ORDEREXECUTED, MD5SUM, DESCRIPTION, COMMENTS, EXECTYPE, CONTEXTS, LABELS, LIQUIBASE, DEPLOYMENT_ID) VALUES ('1', 'codahale', 'migrations.xml', NOW(), 1, '8:a466b7f04155c06f80453d6d5a36b55c', 'createTable tableName=people', '', 'EXECUTED', NULL, NULL, '3.6.3', '1260915625')
INFO  [2019-02-27 09:48:35,671] liquibase.lockservice.StandardLockService: Successfully released change log lock
INFO  [2019-02-27 09:48:36,761] org.hibernate.engine.internal.StatisticalLoggingSessionEventListener: Session Metrics {
    109341 nanoseconds spent acquiring 1 JDBC connections;
    71557 nanoseconds spent releasing 1 JDBC connections;
    36042644 nanoseconds spent preparing 1 JDBC statements;
    6848815 nanoseconds spent executing 1 JDBC statements;
    0 nanoseconds spent executing 0 JDBC batches;
    0 nanoseconds spent performing 0 L2C puts;
    0 nanoseconds spent performing 0 L2C hits;
    0 nanoseconds spent performing 0 L2C misses;
    16507736 nanoseconds spent executing 1 flushes (flushing a total of 1 entities and 0 collections);
    0 nanoseconds spent executing 0 partial-flushes (flushing a total of 0 entities and 0 collections)
}
INFO  [2019-02-27 09:48:36,949] org.hibernate.engine.internal.StatisticalLoggingSessionEventListener: Session Metrics {
    85435 nanoseconds spent acquiring 1 JDBC connections;
    62275 nanoseconds spent releasing 1 JDBC connections;
    1011896 nanoseconds spent preparing 1 JDBC statements;
    523139 nanoseconds spent executing 1 JDBC statements;
    0 nanoseconds spent executing 0 JDBC batches;
    0 nanoseconds spent performing 0 L2C puts;
    0 nanoseconds spent performing 0 L2C hits;
    0 nanoseconds spent performing 0 L2C misses;
    333761 nanoseconds spent executing 1 flushes (flushing a total of 1 entities and 0 collections);
    0 nanoseconds spent executing 0 partial-flushes (flushing a total of 0 entities and 0 collections)
}
INFO  [2019-02-27 09:48:37,161] org.hibernate.engine.internal.StatisticalLoggingSessionEventListener: Session Metrics {
    72458 nanoseconds spent acquiring 1 JDBC connections;
    47370 nanoseconds spent releasing 1 JDBC connections;
    101040 nanoseconds spent preparing 1 JDBC statements;
    907495 nanoseconds spent executing 1 JDBC statements;
    0 nanoseconds spent executing 0 JDBC batches;
    0 nanoseconds spent performing 0 L2C puts;
    0 nanoseconds spent performing 0 L2C hits;
    0 nanoseconds spent performing 0 L2C misses;
    264649 nanoseconds spent executing 1 flushes (flushing a total of 1 entities and 0 collections);
    0 nanoseconds spent executing 0 partial-flushes (flushing a total of 0 entities and 0 collections)
}
INFO  [2019-02-27 09:48:37,175] org.hibernate.engine.internal.StatisticalLoggingSessionEventListener: Session Metrics {
    74759 nanoseconds spent acquiring 1 JDBC connections;
    44180 nanoseconds spent releasing 1 JDBC connections;
    80162 nanoseconds spent preparing 1 JDBC statements;
    341364 nanoseconds spent executing 1 JDBC statements;
    0 nanoseconds spent executing 0 JDBC batches;
    0 nanoseconds spent performing 0 L2C puts;
    0 nanoseconds spent performing 0 L2C hits;
    0 nanoseconds spent performing 0 L2C misses;
    216574 nanoseconds spent executing 1 flushes (flushing a total of 1 entities and 0 collections);
    0 nanoseconds spent executing 0 partial-flushes (flushing a total of 0 entities and 0 collections)
}
INFO  [2019-02-27 09:48:37,589] org.hibernate.engine.internal.StatisticalLoggingSessionEventListener: Session Metrics {
    67960 nanoseconds spent acquiring 1 JDBC connections;
    48908 nanoseconds spent releasing 1 JDBC connections;
    71350 nanoseconds spent preparing 1 JDBC statements;
    306967 nanoseconds spent executing 1 JDBC statements;
    0 nanoseconds spent executing 0 JDBC batches;
    0 nanoseconds spent performing 0 L2C puts;
    0 nanoseconds spent performing 0 L2C hits;
    0 nanoseconds spent performing 0 L2C misses;
    236276 nanoseconds spent executing 1 flushes (flushing a total of 1 entities and 0 collections);
    0 nanoseconds spent executing 0 partial-flushes (flushing a total of 0 entities and 0 collections)
}
INFO  [2019-02-27 09:48:37,636] org.eclipse.jetty.server.AbstractConnector: Stopped application@3c41bfff{HTTP/1.1,[http/1.1]}{0.0.0.0:0}
INFO  [2019-02-27 09:48:37,639] org.eclipse.jetty.server.AbstractConnector: Stopped admin@12de75f8{HTTP/1.1,[http/1.1]}{0.0.0.0:0}
INFO  [2019-02-27 09:48:37,646] org.eclipse.jetty.server.handler.ContextHandler: Stopped i.d.j.MutableServletContextHandler@7aba2e3a{/,null,UNAVAILABLE}
INFO  [2019-02-27 09:48:37,658] org.eclipse.jetty.server.handler.ContextHandler: Stopped i.d.j.MutableServletContextHandler@218fe939{/,null,UNAVAILABLE}
